<?xml version="1.0" encoding="UTF-8"?>
<!-- Generated by org.testng.reporters.JUnitXMLReporter -->
<testsuite hostname="CSMBHUL251" ignored="0" name="ScenarioTesting" tests="3" failures="0" timestamp="2021-04-26T15:34:25 IST" time="3.764" errors="0">
  <testcase name="@BeforeClass Startup" time="3.411" classname="com.BEd.ObjectRepository.BaseClass">
    <failure type="org.openqa.selenium.SessionNotCreatedException" message="session not created: This version of ChromeDriver only supports Chrome version 88
Current browser version is 90.0.4430.85 with binary path C:\Program Files (x86)\Google\Chrome\Application\chrome.exe
Build info: version: &amp;apos;3.141.59&amp;apos;, revision: &amp;apos;e82be7d358&amp;apos;, time: &amp;apos;2018-11-14T08:17:03&amp;apos;
System info: host: &amp;apos;CSMBHUL251&amp;apos;, ip: &amp;apos;10.0.75.1&amp;apos;, os.name: &amp;apos;Windows 10&amp;apos;, os.arch: &amp;apos;amd64&amp;apos;, os.version: &amp;apos;10.0&amp;apos;, java.version: &amp;apos;1.8.0_181&amp;apos;
Driver info: driver.version: ChromeDriver
remote stacktrace: Backtrace:
	GetHandleVerifier [0x0047B963+483]
	GetHandleVerifier [0x0047B941+449]
	GetHandleVerifier [0x00823308+3832712]
	GetHandleVerifier [0x0083D69A+3940122]
	GetHandleVerifier [0x00839AFB+3924859]
	GetHandleVerifier [0x00837D9C+3917340]
	GetHandleVerifier [0x0085E7FE+4075646]
	GetHandleVerifier [0x0085E56C+4074988]
	GetHandleVerifier [0x0085B2EB+4062059]
	GetHandleVerifier [0x0083ED14+3945876]
	GetHandleVerifier [0x0083FBCE+3949646]
	GetHandleVerifier [0x0083FB59+3949529]
	Ordinal0 [0x0043B5CC+46540]
	Ordinal0 [0x00439F53+40787]
	Ordinal0 [0x00439B12+39698]
	GetHandleVerifier [0x00741468+2907368]
	GetHandleVerifier [0x005871EE+1096302]
	GetHandleVerifier [0x00543E8D+821005]
	GetHandleVerifier [0x0054396B+819691]
	GetHandleVerifier [0x00543881+819457]
	GetHandleVerifier [0x0056F463+998627]
	BaseThreadInitThunk [0x76656359+25]
	RtlGetAppContainerNamedObjectPath [0x77D17A94+228]
	RtlGetAppContainerNamedObjectPath [0x77D17A64+180]
">
      <![CDATA[org.openqa.selenium.SessionNotCreatedException: session not created: This version of ChromeDriver only supports Chrome version 88
Current browser version is 90.0.4430.85 with binary path C:\Program Files (x86)\Google\Chrome\Application\chrome.exe
Build info: version: '3.141.59', revision: 'e82be7d358', time: '2018-11-14T08:17:03'
System info: host: 'CSMBHUL251', ip: '10.0.75.1', os.name: 'Windows 10', os.arch: 'amd64', os.version: '10.0', java.version: '1.8.0_181'
Driver info: driver.version: ChromeDriver
remote stacktrace: Backtrace:
GetHandleVerifier [0x0047B963+483]
GetHandleVerifier [0x0047B941+449]
GetHandleVerifier [0x00823308+3832712]
GetHandleVerifier [0x0083D69A+3940122]
GetHandleVerifier [0x00839AFB+3924859]
GetHandleVerifier [0x00837D9C+3917340]
GetHandleVerifier [0x0085E7FE+4075646]
GetHandleVerifier [0x0085E56C+4074988]
GetHandleVerifier [0x0085B2EB+4062059]
GetHandleVerifier [0x0083ED14+3945876]
GetHandleVerifier [0x0083FBCE+3949646]
GetHandleVerifier [0x0083FB59+3949529]
Ordinal0 [0x0043B5CC+46540]
Ordinal0 [0x00439F53+40787]
Ordinal0 [0x00439B12+39698]
GetHandleVerifier [0x00741468+2907368]
GetHandleVerifier [0x005871EE+1096302]
GetHandleVerifier [0x00543E8D+821005]
GetHandleVerifier [0x0054396B+819691]
GetHandleVerifier [0x00543881+819457]
GetHandleVerifier [0x0056F463+998627]
BaseThreadInitThunk [0x76656359+25]
RtlGetAppContainerNamedObjectPath [0x77D17A94+228]
RtlGetAppContainerNamedObjectPath [0x77D17A64+180]

at org.openqa.selenium.remote.W3CHandshakeResponse.lambda$errorHandler$0(W3CHandshakeResponse.java:62)
at org.openqa.selenium.remote.HandshakeResponse.lambda$getResponseFunction$0(HandshakeResponse.java:30)
at org.openqa.selenium.remote.ProtocolHandshake.lambda$createSession$0(ProtocolHandshake.java:126)
at java.util.stream.ReferencePipeline$3$1.accept(Unknown Source)
at java.util.Spliterators$ArraySpliterator.tryAdvance(Unknown Source)
at java.util.stream.ReferencePipeline.forEachWithCancel(Unknown Source)
at java.util.stream.AbstractPipeline.copyIntoWithCancel(Unknown Source)
at java.util.stream.AbstractPipeline.copyInto(Unknown Source)
at java.util.stream.AbstractPipeline.wrapAndCopyInto(Unknown Source)
at java.util.stream.FindOps$FindOp.evaluateSequential(Unknown Source)
at java.util.stream.AbstractPipeline.evaluate(Unknown Source)
at java.util.stream.ReferencePipeline.findFirst(Unknown Source)
at org.openqa.selenium.remote.ProtocolHandshake.createSession(ProtocolHandshake.java:128)
at org.openqa.selenium.remote.ProtocolHandshake.createSession(ProtocolHandshake.java:74)
at org.openqa.selenium.remote.HttpCommandExecutor.execute(HttpCommandExecutor.java:136)
at org.openqa.selenium.remote.service.DriverCommandExecutor.execute(DriverCommandExecutor.java:83)
at org.openqa.selenium.remote.RemoteWebDriver.execute(RemoteWebDriver.java:552)
at org.openqa.selenium.remote.RemoteWebDriver.startSession(RemoteWebDriver.java:213)
at org.openqa.selenium.remote.RemoteWebDriver.<init>(RemoteWebDriver.java:131)
at org.openqa.selenium.chrome.ChromeDriver.<init>(ChromeDriver.java:181)
at org.openqa.selenium.chrome.ChromeDriver.<init>(ChromeDriver.java:168)
at org.openqa.selenium.chrome.ChromeDriver.<init>(ChromeDriver.java:123)
at com.BEd.browser.BrowserFactoryNew.StartApplication(BrowserFactoryNew.java:30)
at com.BEd.ObjectRepository.BaseClass.Startup(BaseClass.java:16)
at java.util.ArrayList.forEach(Unknown Source)
... Removed 29 stack frames]]>
    </failure>
  </testcase> <!-- @BeforeClass Startup -->
  <testcase name="@AfterClass QuitBrowser" time="-1.619431465526E9" classname="com.BEd.ObjectRepository.BaseClass">
    <skipped/>
  </testcase> <!-- @AfterClass QuitBrowser -->
  <testcase name="Login" time="0.0" classname="com.BEd.Tests.ApplyingCAFWithDiffernetExamType">
    <skipped/>
  </testcase> <!-- Login -->
  <testcase name="ApplyingCAFWithAnnualExamType" time="0.0" classname="com.BEd.Tests.ApplyingCAFWithDiffernetExamType">
    <skipped/>
  </testcase> <!-- ApplyingCAFWithAnnualExamType -->
  <testcase name="ApplyingCAFWithSupplementaryExamType" time="0.0" classname="com.BEd.Tests.ApplyingCAFWithDiffernetExamType">
    <skipped/>
  </testcase> <!-- ApplyingCAFWithSupplementaryExamType -->
</testsuite> <!-- ScenarioTesting -->
